2020-02-02 19:43:46.863 MSK [11884] СООБЩЕНИЕ:  система БД была выключена: 2020-02-02 19:43:28 MSK
2020-02-02 19:43:46.917 MSK [7772] СООБЩЕНИЕ:  система БД готова принимать подключения
2020-02-02 19:52:31.975 MSK [12236] ВАЖНО:  пользователь "admin" не прошёл проверку подлинности (по паролю)
2020-02-02 19:52:31.975 MSK [12236] ПОДРОБНОСТИ:  Роль "admin" не существует.
	Подключение соответствует строке 80 в pg_hba.conf: "host    all             all             127.0.0.1/32            md5"
2020-02-02 19:52:42.610 MSK [15100] ВАЖНО:  в pg_hba.conf нет записи для компьютера "192.168.1.2", пользователя "admin", базы "Users", SSL выкл.
2020-02-02 19:53:16.247 MSK [1928] ВАЖНО:  пользователь "admin" не прошёл проверку подлинности (по паролю)
2020-02-02 19:53:16.247 MSK [1928] ПОДРОБНОСТИ:  Роль "admin" не существует.
	Подключение соответствует строке 80 в pg_hba.conf: "host    all             all             127.0.0.1/32            md5"
2020-02-02 19:53:20.508 MSK [15112] ВАЖНО:  пользователь "admin" не прошёл проверку подлинности (по паролю)
2020-02-02 19:53:20.508 MSK [15112] ПОДРОБНОСТИ:  Роль "admin" не существует.
	Подключение соответствует строке 80 в pg_hba.conf: "host    all             all             127.0.0.1/32            md5"
2020-02-02 19:54:32.605 MSK [8956] ВАЖНО:  пользователь "admin" не прошёл проверку подлинности (по паролю)
2020-02-02 19:54:32.605 MSK [8956] ПОДРОБНОСТИ:  Роль "admin" не существует.
	Подключение соответствует строке 80 в pg_hba.conf: "host    all             all             127.0.0.1/32            md5"
2020-02-02 19:54:35.577 MSK [16020] ВАЖНО:  пользователь "admin" не прошёл проверку подлинности (по паролю)
2020-02-02 19:54:35.577 MSK [16020] ПОДРОБНОСТИ:  Роль "admin" не существует.
	Подключение соответствует строке 80 в pg_hba.conf: "host    all             all             127.0.0.1/32            md5"
2020-02-02 19:54:47.673 MSK [5352] ВАЖНО:  пользователь "admin" не прошёл проверку подлинности (по паролю)
2020-02-02 19:54:47.673 MSK [5352] ПОДРОБНОСТИ:  Роль "admin" не существует.
	Подключение соответствует строке 80 в pg_hba.conf: "host    all             all             127.0.0.1/32            md5"
2020-02-02 19:59:26.424 MSK [8592] ВАЖНО:  пользователь "admin" не прошёл проверку подлинности (по паролю)
2020-02-02 19:59:26.424 MSK [8592] ПОДРОБНОСТИ:  Роль "admin" не существует.
	Подключение соответствует строке 80 в pg_hba.conf: "host    all             all             127.0.0.1/32            md5"
2020-02-02 19:59:52.674 MSK [3632] ВАЖНО:  пользователь "admin" не прошёл проверку подлинности (по паролю)
2020-02-02 19:59:52.674 MSK [3632] ПОДРОБНОСТИ:  Роль "admin" не существует.
	Подключение соответствует строке 80 в pg_hba.conf: "host    all             all             127.0.0.1/32            md5"
2020-02-02 20:03:10.673 MSK [5484] РћРЁРР‘РљРђ:  РЅРµР»СЊР·СЏ РїРµСЂРµРёРјРµРЅРѕРІР°С‚СЊ С‚РµРєСѓС‰СѓСЋ Р±Р°Р·Сѓ РґР°РЅРЅС‹С…
2020-02-02 20:03:10.673 MSK [5484] РћРџР•Р РђРўРћР :  ALTER DATABASE postgres RENAME TO "Users";
	COMMENT ON DATABASE "Users"
	IS '';
2020-02-02 20:03:28.978 MSK [5484] РћРЁРР‘РљРђ:  РЅРµР»СЊР·СЏ РїРµСЂРµРёРјРµРЅРѕРІР°С‚СЊ С‚РµРєСѓС‰СѓСЋ Р±Р°Р·Сѓ РґР°РЅРЅС‹С…
2020-02-02 20:03:28.978 MSK [5484] РћРџР•Р РђРўРћР :  ALTER DATABASE postgres RENAME TO "Users";
	COMMENT ON DATABASE "Users"
	IS '';
2020-02-02 20:07:45.225 MSK [6596] РћРЁРР‘РљРђ:  Р±Р°Р·Р° РґР°РЅРЅС‹С… "Users" Р·Р°РЅСЏС‚Р° РґСЂСѓРіРёРјРё РїРѕР»СЊР·РѕРІР°С‚РµР»СЏРјРё
2020-02-02 20:07:45.225 MSK [6596] РџРћР”Р РћР‘РќРћРЎРўР:  Р­С‚Р° Р±Р°Р·Р° РґР°РЅРЅС‹С… РёСЃРїРѕР»СЊР·СѓРµС‚СЃСЏ РµС‰С‘ РІ 1 СЃРµР°РЅСЃРµ.
2020-02-02 20:07:45.225 MSK [6596] РћРџР•Р РђРўРћР :  DROP DATABASE "Users";
	
2020-02-02 20:08:12.920 MSK [13480] РћРЁРР‘РљРђ:  Р±Р°Р·Р° РґР°РЅРЅС‹С… "Users" СѓР¶Рµ СЃСѓС‰РµСЃС‚РІСѓРµС‚
2020-02-02 20:08:12.920 MSK [13480] РћРџР•Р РђРўРћР :  -- Database: Users
	
	-- DROP DATABASE "Users";
	
	CREATE DATABASE "Users"
	    WITH 
	    OWNER = postgres
	    ENCODING = 'UTF8'
	    LC_COLLATE = 'Russian_Russia.1251'
	    LC_CTYPE = 'Russian_Russia.1251'
	    TABLESPACE = pg_default
	    CONNECTION LIMIT = -1;
2020-02-02 20:09:48.501 MSK [13480] РћРЁРР‘РљРђ:  РѕС€РёР±РєР° СЃРёРЅС‚Р°РєСЃРёСЃР° (РїСЂРёРјРµСЂРЅРѕРµ РїРѕР»РѕР¶РµРЅРёРµ: "name") (СЃРёРјРІРѕР» 125)
2020-02-02 20:09:48.501 MSK [13480] РћРџР•Р РђРўРћР :  EXPLAIN (FORMAT JSON, ANALYZE true, VERBOSE false, COSTS false, TIMING false, BUFFERS false, SUMMARY false, SETTINGS false) name
2020-02-02 20:11:38.315 MSK [5484] РћРЁРР‘РљРђ:  РЅРµР»СЊР·СЏ РїРµСЂРµРёРјРµРЅРѕРІР°С‚СЊ С‚РµРєСѓС‰СѓСЋ Р±Р°Р·Сѓ РґР°РЅРЅС‹С…
2020-02-02 20:11:38.315 MSK [5484] РћРџР•Р РђРўРћР :  ALTER DATABASE postgres RENAME TO database;
2020-02-02 20:21:34.170 MSK [572] РћРЁРР‘РљРђ:  РѕС€РёР±РєР° СЃРёРЅС‚Р°РєСЃРёСЃР° (РїСЂРёРјРµСЂРЅРѕРµ РїРѕР»РѕР¶РµРЅРёРµ: "[") (СЃРёРјРІРѕР» 5)
2020-02-02 20:21:34.170 MSK [572] РћРџР•Р РђРўРћР :      [Id]       INT           IDENTITY (1, 1) NOT NULL,
	    [name]     VARCHAR (MAX) NOT NULL,
	    [email]    VARCHAR (MAX) NOT NULL,
	    [password] VARCHAR (MAX) NOT NULL,
	    [uid]      VARCHAR (MAX) NOT NULL,
	    [leng]     VARCHAR (2)   DEFAULT ('ru') NULL,
	    [status]   INT           DEFAULT ((0)) NOT NULL,
	    PRIMARY KEY CLUSTERED ([Id] ASC)
2020-02-02 20:26:58.490 MSK [3164] РћРЁРР‘РљРђ:  РІ РІС‹СЂР°Р¶РµРЅРёРё DEFAULT (РїРѕ СѓРјРѕР»С‡Р°РЅРёСЋ) РЅРµР»СЊР·СЏ СЃСЃС‹Р»Р°С‚СЊСЃСЏ РЅР° СЃС‚РѕР»Р±С†С‹
2020-02-02 20:26:58.490 MSK [3164] РћРџР•Р РђРўРћР :  ALTER TABLE public.users
	    ADD COLUMN name "char"[] NOT NULL DEFAULT defname;
	
	ALTER TABLE public.users
	    ADD COLUMN email "char"[] NOT NULL;
	
	ALTER TABLE public.users
	    ADD COLUMN password "char"[] NOT NULL;
	
	ALTER TABLE public.users
	    ADD COLUMN uid "char"[] NOT NULL;
	
	ALTER TABLE public.users
	    ADD COLUMN leng "char"[] DEFAULT ru;
	
	ALTER TABLE public.users
	    ADD COLUMN status integer DEFAULT 0;
2020-02-02 20:27:25.969 MSK [3164] РћРЁРР‘РљРђ:  РІ РІС‹СЂР°Р¶РµРЅРёРё DEFAULT (РїРѕ СѓРјРѕР»С‡Р°РЅРёСЋ) РЅРµР»СЊР·СЏ СЃСЃС‹Р»Р°С‚СЊСЃСЏ РЅР° СЃС‚РѕР»Р±С†С‹
2020-02-02 20:27:25.969 MSK [3164] РћРџР•Р РђРўРћР :  ALTER TABLE public.users
	    ADD COLUMN name "char"[] NOT NULL DEFAULT defname;
	
	ALTER TABLE public.users
	    ADD COLUMN email "char"[] NOT NULL;
	
	ALTER TABLE public.users
	    ADD COLUMN password "char"[] NOT NULL;
	
	ALTER TABLE public.users
	    ADD COLUMN uid "char"[] NOT NULL;
	
	ALTER TABLE public.users
	    ADD COLUMN leng "char"[] DEFAULT ru;
	
	ALTER TABLE public.users
	    ADD COLUMN status integer DEFAULT 0;
2020-02-02 20:27:36.116 MSK [3164] РћРЁРР‘РљРђ:  РІ РІС‹СЂР°Р¶РµРЅРёРё DEFAULT (РїРѕ СѓРјРѕР»С‡Р°РЅРёСЋ) РЅРµР»СЊР·СЏ СЃСЃС‹Р»Р°С‚СЊСЃСЏ РЅР° СЃС‚РѕР»Р±С†С‹
2020-02-02 20:27:36.116 MSK [3164] РћРџР•Р РђРўРћР :  ALTER TABLE public.users
	    ADD COLUMN name "char"[] NOT NULL DEFAULT defname;
	
	ALTER TABLE public.users
	    ADD COLUMN email "char"[] NOT NULL;
	
	ALTER TABLE public.users
	    ADD COLUMN password "char"[] NOT NULL;
	
	ALTER TABLE public.users
	    ADD COLUMN uid "char"[] NOT NULL;
	
	ALTER TABLE public.users
	    ADD COLUMN leng "char"[] DEFAULT ru;
	
	ALTER TABLE public.users
	    ADD COLUMN status integer;
2020-02-02 20:27:40.064 MSK [3164] РћРЁРР‘РљРђ:  РІ РІС‹СЂР°Р¶РµРЅРёРё DEFAULT (РїРѕ СѓРјРѕР»С‡Р°РЅРёСЋ) РЅРµР»СЊР·СЏ СЃСЃС‹Р»Р°С‚СЊСЃСЏ РЅР° СЃС‚РѕР»Р±С†С‹
2020-02-02 20:27:40.064 MSK [3164] РћРџР•Р РђРўРћР :  ALTER TABLE public.users
	    ADD COLUMN name "char"[] NOT NULL DEFAULT defname;
	
	ALTER TABLE public.users
	    ADD COLUMN email "char"[] NOT NULL;
	
	ALTER TABLE public.users
	    ADD COLUMN password "char"[] NOT NULL;
	
	ALTER TABLE public.users
	    ADD COLUMN uid "char"[] NOT NULL;
	
	ALTER TABLE public.users
	    ADD COLUMN leng "char"[];
	
	ALTER TABLE public.users
	    ADD COLUMN status integer;
2020-02-02 20:28:37.312 MSK [3164] РћРЁРР‘РљРђ:  С†РёРєР»РёС‡РµСЃРєРѕРµ РЅР°СЃР»РµРґРѕРІР°РЅРёРµ РЅРµРґРѕРїСѓСЃС‚РёРјРѕ
2020-02-02 20:28:37.312 MSK [3164] РџРћР”Р РћР‘РќРћРЎРўР:  "users" СѓР¶Рµ СЏРІР»СЏРµС‚СЃСЏ РїРѕС‚РѕРјРєРѕРј "users".
2020-02-02 20:28:37.312 MSK [3164] РћРџР•Р РђРўРћР :  ALTER TABLE public.users
	    INHERIT public.users;
	
	ALTER TABLE public.users
	    ADD COLUMN name "char"[] NOT NULL DEFAULT defname;
	
	ALTER TABLE public.users
	    ADD COLUMN email "char"[] NOT NULL;
	
	ALTER TABLE public.users
	    ADD COLUMN password "char"[] NOT NULL;
	
	ALTER TABLE public.users
	    ADD COLUMN uid "char"[] NOT NULL;
	
	ALTER TABLE public.users
	    ADD COLUMN leng "char"[] DEFAULT ru;
	
	ALTER TABLE public.users
	    ADD COLUMN status integer DEFAULT 0;
2020-02-02 20:29:04.817 MSK [3164] РћРЁРР‘РљРђ:  РІ РІС‹СЂР°Р¶РµРЅРёРё DEFAULT (РїРѕ СѓРјРѕР»С‡Р°РЅРёСЋ) РЅРµР»СЊР·СЏ СЃСЃС‹Р»Р°С‚СЊСЃСЏ РЅР° СЃС‚РѕР»Р±С†С‹
2020-02-02 20:29:04.817 MSK [3164] РћРџР•Р РђРўРћР :  ALTER TABLE public.users
	    ADD COLUMN name "char"[] NOT NULL DEFAULT defname;
	
	ALTER TABLE public.users
	    ADD COLUMN email "char"[] NOT NULL;
	
	ALTER TABLE public.users
	    ADD COLUMN password "char"[] NOT NULL;
	
	ALTER TABLE public.users
	    ADD COLUMN uid "char"[] NOT NULL;
	
	ALTER TABLE public.users
	    ADD COLUMN leng "char"[] DEFAULT ru;
	
	ALTER TABLE public.users
	    ADD COLUMN status integer DEFAULT 0;
2020-02-02 20:36:59.960 MSK [3164] РћРЁРР‘РљРђ:  РІ РІС‹СЂР°Р¶РµРЅРёРё DEFAULT (РїРѕ СѓРјРѕР»С‡Р°РЅРёСЋ) РЅРµР»СЊР·СЏ СЃСЃС‹Р»Р°С‚СЊСЃСЏ РЅР° СЃС‚РѕР»Р±С†С‹
2020-02-02 20:36:59.960 MSK [3164] РћРџР•Р РђРўРћР :  ALTER TABLE public.users
	    ADD COLUMN "Upassword" "char"[] NOT NULL;
	
	ALTER TABLE public.users
	    ADD COLUMN "Uid" "char"[] NOT NULL;
	
	ALTER TABLE public.users
	    ADD COLUMN "Uleng" "char"[] DEFAULT ru;
	
	ALTER TABLE public.users
	    ADD COLUMN "Ustatus" integer DEFAULT 0;
2020-02-02 20:37:07.873 MSK [3164] РћРЁРР‘РљРђ:  РІ РІС‹СЂР°Р¶РµРЅРёРё DEFAULT (РїРѕ СѓРјРѕР»С‡Р°РЅРёСЋ) РЅРµР»СЊР·СЏ СЃСЃС‹Р»Р°С‚СЊСЃСЏ РЅР° СЃС‚РѕР»Р±С†С‹
2020-02-02 20:37:07.873 MSK [3164] РћРџР•Р РђРўРћР :  ALTER TABLE public.users
	    ADD COLUMN "Upassword" "char"[] NOT NULL;
	
	ALTER TABLE public.users
	    ADD COLUMN "Uid" "char"[] NOT NULL;
	
	ALTER TABLE public.users
	    ADD COLUMN "Uleng" "char"[] DEFAULT ru;
	
	ALTER TABLE public.users
	    ADD COLUMN "Ustatus" integer;
2020-02-02 20:37:12.297 MSK [3164] РћРЁРР‘РљРђ:  РІ РІС‹СЂР°Р¶РµРЅРёРё DEFAULT (РїРѕ СѓРјРѕР»С‡Р°РЅРёСЋ) РЅРµР»СЊР·СЏ СЃСЃС‹Р»Р°С‚СЊСЃСЏ РЅР° СЃС‚РѕР»Р±С†С‹
2020-02-02 20:37:12.297 MSK [3164] РћРџР•Р РђРўРћР :  ALTER TABLE public.users
	    ADD COLUMN "Upassword" "char"[] NOT NULL;
	
	ALTER TABLE public.users
	    ADD COLUMN "Uleng" "char"[] DEFAULT ru;
	
	ALTER TABLE public.users
	    ADD COLUMN "Ustatus" integer;
2020-02-02 20:37:45.364 MSK [3164] РћРЁРР‘РљРђ:  РІ РІС‹СЂР°Р¶РµРЅРёРё DEFAULT (РїРѕ СѓРјРѕР»С‡Р°РЅРёСЋ) РЅРµР»СЊР·СЏ СЃСЃС‹Р»Р°С‚СЊСЃСЏ РЅР° СЃС‚РѕР»Р±С†С‹
2020-02-02 20:37:45.364 MSK [3164] РћРџР•Р РђРўРћР :  ALTER TABLE public.users
	    ADD COLUMN server "char"[] DEFAULT ru;
	
	
2020-02-02 20:37:53.556 MSK [3164] РћРЁРР‘РљРђ:  РІ РІС‹СЂР°Р¶РµРЅРёРё DEFAULT (РїРѕ СѓРјРѕР»С‡Р°РЅРёСЋ) РЅРµР»СЊР·СЏ СЃСЃС‹Р»Р°С‚СЊСЃСЏ РЅР° СЃС‚РѕР»Р±С†С‹
2020-02-02 20:37:53.556 MSK [3164] РћРџР•Р РђРўРћР :  ALTER TABLE public.users
	    ADD COLUMN server "char"[] DEFAULT ru;
	
	
2020-02-02 20:38:35.561 MSK [3164] РћРЁРР‘РљРђ:  РѕС€РёР±РѕС‡РЅС‹Р№ Р»РёС‚РµСЂР°Р» РјР°СЃСЃРёРІР°: "ru"
2020-02-02 20:38:35.561 MSK [3164] РџРћР”Р РћР‘РќРћРЎРўР:  Р—РЅР°С‡РµРЅРёРµ РјР°СЃСЃРёРІР° РґРѕР»Р¶РЅРѕ РЅР°С‡РёРЅР°С‚СЊСЃСЏ СЃ "{" РёР»Рё СѓРєР°Р·Р°РЅРёСЏ СЂР°Р·РјРµСЂРЅРѕСЃС‚Рё.
2020-02-02 20:38:35.561 MSK [3164] РћРџР•Р РђРўРћР :  ALTER TABLE public.users
	    ALTER COLUMN "Uleng" SET DEFAULT 'ru';
2020-02-02 20:44:57.754 MSK [12720] РћРЁРР‘РљРђ:  РѕС€РёР±РєР° СЃРёРЅС‚Р°РєСЃРёСЃР° (РїСЂРёРјРµСЂРЅРѕРµ РїРѕР»РѕР¶РµРЅРёРµ: "users") (СЃРёРјРІРѕР» 8)
2020-02-02 20:44:57.754 MSK [12720] РћРџР•Р РђРўРћР :  INSERT users (Uname,Uemail,Upassword)
	VALUES ("thisname","thismail","thispas")
2020-02-02 20:45:18.911 MSK [12720] РћРЁРР‘РљРђ:  РѕС€РёР±РєР° СЃРёРЅС‚Р°РєСЃРёСЃР° (РїСЂРёРјРµСЂРЅРѕРµ РїРѕР»РѕР¶РµРЅРёРµ: "Tables") (СЃРёРјРІРѕР» 8)
2020-02-02 20:45:18.911 MSK [12720] РћРџР•Р РђРўРћР :  INSERT Tables.users (Uname,Uemail,Upassword)
	VALUES ("thisname","thismail","thispas")
2020-02-02 20:47:11.459 MSK [12720] РћРЁРР‘РљРђ:  СЃС‚РѕР»Р±РµС† "uname" РІ С‚Р°Р±Р»РёС†Рµ "users" РЅРµ СЃСѓС‰РµСЃС‚РІСѓРµС‚ (СЃРёРјРІРѕР» 20)
2020-02-02 20:47:11.459 MSK [12720] РћРџР•Р РђРўРћР :  INSERT INTO users (Uname,Uemail,Upassword)
	VALUES ("thisname","thismail","thispas")
2020-02-02 20:47:30.885 MSK [12720] РћРЁРР‘РљРђ:  РѕС€РёР±РєР° СЃРёРЅС‚Р°РєСЃРёСЃР° (РїСЂРёРјРµСЂРЅРѕРµ РїРѕР»РѕР¶РµРЅРёРµ: "VALUES") (СЃРёРјРІРѕР» 46)
2020-02-02 20:47:30.885 MSK [12720] РћРџР•Р РђРўРћР :  INSERT INTO users [(Uname,Uemail,Upassword)]
	VALUES ("thisname","thismail","thispas")
2020-02-02 20:47:39.575 MSK [12720] РћРЁРР‘РљРђ:  РѕС€РёР±РєР° СЃРёРЅС‚Р°РєСЃРёСЃР° (РїСЂРёРјРµСЂРЅРѕРµ РїРѕР»РѕР¶РµРЅРёРµ: "VALUES") (СЃРёРјРІРѕР» 46)
2020-02-02 20:47:39.575 MSK [12720] РћРџР•Р РђРўРћР :  INSERT INTO users [(Uname,Uemail,Upassword)]
	VALUES [("thisname","thismail","thispas")]
2020-02-02 20:47:44.572 MSK [12720] РћРЁРР‘РљРђ:  РѕС€РёР±РєР° СЃРёРЅС‚Р°РєСЃРёСЃР° (РїСЂРёРјРµСЂРЅРѕРµ РїРѕР»РѕР¶РµРЅРёРµ: "VALUES") (СЃРёРјРІРѕР» 46)
2020-02-02 20:47:44.572 MSK [12720] РћРџР•Р РђРўРћР :  INSERT INTO users [(Uname,Uemail,Upassword)] VALUES [("thisname","thismail","thispas")]
2020-02-02 20:50:55.702 MSK [12720] РћРЁРР‘РљРђ:  РѕС€РёР±РєР° СЃРёРЅС‚Р°РєСЃРёСЃР° РІ РєРѕРЅС†Рµ (СЃРёРјРІРѕР» 131)
2020-02-02 20:50:55.702 MSK [12720] РћРџР•Р РђРўРћР :  EXPLAIN (FORMAT JSON, ANALYZE true, VERBOSE false, COSTS false, TIMING false, BUFFERS false, SUMMARY false, SETTINGS false) VALUES
2020-02-02 20:50:56.304 MSK [12720] РћРЁРР‘РљРђ:  РѕС€РёР±РєР° СЃРёРЅС‚Р°РєСЃРёСЃР° РІ РєРѕРЅС†Рµ (СЃРёРјРІРѕР» 132)
2020-02-02 20:50:56.304 MSK [12720] РћРџР•Р РђРўРћР :  EXPLAIN (FORMAT JSON, ANALYZE false, VERBOSE false, COSTS false, TIMING false, BUFFERS false, SUMMARY false, SETTINGS false) VALUES
2020-02-02 20:50:57.217 MSK [12720] РћРЁРР‘РљРђ:  РѕС€РёР±РєР° СЃРёРЅС‚Р°РєСЃРёСЃР° РІ РєРѕРЅС†Рµ (СЃРёРјРІРѕР» 131)
2020-02-02 20:50:57.217 MSK [12720] РћРџР•Р РђРўРћР :  EXPLAIN (FORMAT JSON, ANALYZE true, VERBOSE false, COSTS false, TIMING false, BUFFERS false, SUMMARY false, SETTINGS false) VALUES
2020-02-03 00:03:10.770 MSK [18320] ВАЖНО:  пользователь "admin" не прошёл проверку подлинности (по паролю)
2020-02-03 00:03:10.770 MSK [18320] ПОДРОБНОСТИ:  Роль "admin" не существует.
	Подключение соответствует строке 80 в pg_hba.conf: "host    all             all             127.0.0.1/32            md5"
2020-02-03 00:03:14.125 MSK [11524] ВАЖНО:  пользователь "stels" не прошёл проверку подлинности (по паролю)
2020-02-03 00:03:14.125 MSK [11524] ПОДРОБНОСТИ:  Роль "stels" не существует.
	Подключение соответствует строке 80 в pg_hba.conf: "host    all             all             127.0.0.1/32            md5"
2020-02-03 00:04:38.005 MSK [17524] ВАЖНО:  пользователь "stels" не прошёл проверку подлинности (по паролю)
2020-02-03 00:04:38.005 MSK [17524] ПОДРОБНОСТИ:  Роль "stels" не существует.
	Подключение соответствует строке 80 в pg_hba.conf: "host    all             all             127.0.0.1/32            md5"
2020-02-03 00:04:43.340 MSK [12560] ВАЖНО:  пользователь "stels" не прошёл проверку подлинности (по паролю)
2020-02-03 00:04:43.340 MSK [12560] ПОДРОБНОСТИ:  Роль "stels" не существует.
	Подключение соответствует строке 80 в pg_hba.conf: "host    all             all             127.0.0.1/32            md5"
2020-02-03 00:04:48.570 MSK [11792] ВАЖНО:  пользователь "stels" не прошёл проверку подлинности (по паролю)
2020-02-03 00:04:48.570 MSK [11792] ПОДРОБНОСТИ:  Роль "stels" не существует.
	Подключение соответствует строке 80 в pg_hba.conf: "host    all             all             127.0.0.1/32            md5"
2020-02-03 00:04:56.340 MSK [18372] ВАЖНО:  пользователь "root" не прошёл проверку подлинности (по паролю)
2020-02-03 00:04:56.340 MSK [18372] ПОДРОБНОСТИ:  Роль "root" не существует.
	Подключение соответствует строке 80 в pg_hba.conf: "host    all             all             127.0.0.1/32            md5"
2020-02-03 00:05:12.013 MSK [7832] ВАЖНО:  пользователь "stels" не прошёл проверку подлинности (по паролю)
2020-02-03 00:05:12.013 MSK [7832] ПОДРОБНОСТИ:  Роль "stels" не существует.
	Подключение соответствует строке 80 в pg_hba.conf: "host    all             all             127.0.0.1/32            md5"
2020-02-03 00:15:38.176 MSK [8916] РћРЁРР‘РљРђ:  РѕС€РёР±РѕС‡РЅС‹Р№ Р»РёС‚РµСЂР°Р» РјР°СЃСЃРёРІР°: "thisname" (СЃРёРјРІРѕР» 69)
2020-02-03 00:15:38.176 MSK [8916] РџРћР”Р РћР‘РќРћРЎРўР:  Р—РЅР°С‡РµРЅРёРµ РјР°СЃСЃРёРІР° РґРѕР»Р¶РЅРѕ РЅР°С‡РёРЅР°С‚СЊСЃСЏ СЃ "{" РёР»Рё СѓРєР°Р·Р°РЅРёСЏ СЂР°Р·РјРµСЂРЅРѕСЃС‚Рё.
2020-02-03 00:15:38.176 MSK [8916] РћРџР•Р РђРўРћР :  INSERT INTO public.users(
		"Uname", "Uemail", "Upassword")
		VALUES ('thisname', 'thismail', 'thispas');
2020-02-03 00:15:56.630 MSK [8916] РћРЁРР‘РљРђ:  РѕС€РёР±РєР° СЃРёРЅС‚Р°РєСЃРёСЃР° (РїСЂРёРјРµСЂРЅРѕРµ РїРѕР»РѕР¶РµРЅРёРµ: "{") (СЃРёРјРІРѕР» 69)
2020-02-03 00:15:56.630 MSK [8916] РћРџР•Р РђРўРћР :  INSERT INTO public.users(
		"Uname", "Uemail", "Upassword")
		VALUES ({'thisname'}, 'thismail', 'thispas');
2020-02-03 00:20:06.957 MSK [18140] ВАЖНО:  пользователь "stels" не прошёл проверку подлинности (по паролю)
2020-02-03 00:20:06.957 MSK [18140] ПОДРОБНОСТИ:  Роль "stels" не существует.
	Подключение соответствует строке 80 в pg_hba.conf: "host    all             all             127.0.0.1/32            md5"
2020-02-03 00:20:10.523 MSK [5020] ВАЖНО:  пользователь "stels" не прошёл проверку подлинности (по паролю)
2020-02-03 00:20:10.523 MSK [5020] ПОДРОБНОСТИ:  Роль "stels" не существует.
	Подключение соответствует строке 80 в pg_hba.conf: "host    all             all             127.0.0.1/32            md5"
2020-02-03 00:20:16.432 MSK [10652] ВАЖНО:  пользователь "admin" не прошёл проверку подлинности (по паролю)
2020-02-03 00:20:16.432 MSK [10652] ПОДРОБНОСТИ:  Роль "admin" не существует.
	Подключение соответствует строке 80 в pg_hba.conf: "host    all             all             127.0.0.1/32            md5"
2020-02-03 00:20:21.340 MSK [14212] ВАЖНО:  пользователь "root" не прошёл проверку подлинности (по паролю)
2020-02-03 00:20:21.340 MSK [14212] ПОДРОБНОСТИ:  Роль "root" не существует.
	Подключение соответствует строке 80 в pg_hba.conf: "host    all             all             127.0.0.1/32            md5"
2020-02-03 00:25:27.284 MSK [4376] РћРЁРР‘РљРђ:  РІ РІС‹СЂР°Р¶РµРЅРёРё DEFAULT (РїРѕ СѓРјРѕР»С‡Р°РЅРёСЋ) РЅРµР»СЊР·СЏ СЃСЃС‹Р»Р°С‚СЊСЃСЏ РЅР° СЃС‚РѕР»Р±С†С‹
2020-02-03 00:25:27.284 MSK [4376] РћРџР•Р РђРўРћР :  ALTER TABLE public.users
	    ADD COLUMN name text NOT NULL DEFAULT defname;
	
	
2020-02-03 00:25:34.111 MSK [4376] РћРЁРР‘РљРђ:  РІ РІС‹СЂР°Р¶РµРЅРёРё DEFAULT (РїРѕ СѓРјРѕР»С‡Р°РЅРёСЋ) РЅРµР»СЊР·СЏ СЃСЃС‹Р»Р°С‚СЊСЃСЏ РЅР° СЃС‚РѕР»Р±С†С‹
2020-02-03 00:25:34.111 MSK [4376] РћРџР•Р РђРўРћР :  ALTER TABLE public.users
	    ADD COLUMN "Uname" text NOT NULL DEFAULT defname;
	
	
2020-02-03 00:28:30.881 MSK [2280] РћРЁРР‘РљРђ:  РЅСѓР»РµРІРѕРµ Р·РЅР°С‡РµРЅРёРµ РІ СЃС‚РѕР»Р±С†Рµ "Uid" РЅР°СЂСѓС€Р°РµС‚ РѕРіСЂР°РЅРёС‡РµРЅРёРµ NOT NULL
2020-02-03 00:28:30.881 MSK [2280] РџРћР”Р РћР‘РќРћРЎРўР:  РћС€РёР±РѕС‡РЅР°СЏ СЃС‚СЂРѕРєР° СЃРѕРґРµСЂР¶РёС‚ (0, thisname, thismail, thispas, null, null).
2020-02-03 00:28:30.881 MSK [2280] РћРџР•Р РђРўРћР :  INSERT INTO public.users(
		"Uname", "Uemail", "Upassword")
		VALUES ('thisname', 'thismail', 'thispas');
		
2020-02-03 00:28:42.520 MSK [4376] РћРЁРР‘РљРђ:  СЃС‚РѕР»Р±РµС† "UKey" РѕС‚РЅРѕС€РµРЅРёСЏ "users" СЏРІР»СЏРµС‚СЃСЏ СЃС‚РѕР»Р±С†РѕРј РёРґРµРЅС‚РёС„РёРєР°С†РёРё
2020-02-03 00:28:42.520 MSK [4376] РћРџР•Р РђРўРћР :  ALTER TABLE public.users
	    ALTER COLUMN "UKey" DROP NOT NULL;
2020-02-03 00:30:24.918 MSK [4376] РћРЁРР‘РљРђ:  СЃС‚РѕР»Р±РµС† "UKey" РѕС‚РЅРѕС€РµРЅРёСЏ "users" СЏРІР»СЏРµС‚СЃСЏ СЃС‚РѕР»Р±С†РѕРј РёРґРµРЅС‚РёС„РёРєР°С†РёРё
2020-02-03 00:30:24.918 MSK [4376] РћРџР•Р РђРўРћР :  ALTER TABLE public.users
	    ALTER COLUMN "UKey" DROP NOT NULL;
2020-02-03 00:30:45.675 MSK [4376] РћРЁРР‘РљРђ:  СЃС‚РѕР»Р±РµС† "UKey" РѕС‚РЅРѕС€РµРЅРёСЏ "users" СЏРІР»СЏРµС‚СЃСЏ СЃС‚РѕР»Р±С†РѕРј РёРґРµРЅС‚РёС„РёРєР°С†РёРё
2020-02-03 00:30:45.675 MSK [4376] РћРџР•Р РђРўРћР :  ALTER TABLE public.users
	    ALTER COLUMN "UKey" DROP NOT NULL;
	
	ALTER TABLE public.users
	    ALTER COLUMN "UKey" DROP IDENTITY;
2020-02-03 00:35:19.493 MSK [15588] РћРЁРР‘РљРђ:  РЅСѓР»РµРІРѕРµ Р·РЅР°С‡РµРЅРёРµ РІ СЃС‚РѕР»Р±С†Рµ "Uid" РЅР°СЂСѓС€Р°РµС‚ РѕРіСЂР°РЅРёС‡РµРЅРёРµ NOT NULL
2020-02-03 00:35:19.493 MSK [15588] РџРћР”Р РћР‘РќРћРЎРўР:  РћС€РёР±РѕС‡РЅР°СЏ СЃС‚СЂРѕРєР° СЃРѕРґРµСЂР¶РёС‚ (1, thisname, thismail, thispas, null, null).
2020-02-03 00:35:19.493 MSK [15588] РћРџР•Р РђРўРћР :  INSERT INTO public.users("Uname", "Uemail", "Upassword")
		VALUES ('thisname', 'thismail', 'thispas');
		
2020-02-03 00:35:56.252 MSK [5596] РћРЁРР‘РљРђ:  СЃС‚РѕР»Р±РµС† "ukey" РЅРµ СЃСѓС‰РµСЃС‚РІСѓРµС‚ (СЃРёРјРІРѕР» 8)
2020-02-03 00:35:56.252 MSK [5596] РџРћР”РЎРљРђР—РљРђ:  Р’РѕР·РјРѕР¶РЅРѕ, РїСЂРµРґРїРѕР»Р°РіР°Р»Р°СЃСЊ СЃСЃС‹Р»РєР° РЅР° СЃС‚РѕР»Р±РµС† "users.UKey".
2020-02-03 00:35:56.252 MSK [5596] РћРџР•Р РђРўРћР :  SELECT UKey, Uname, Uemail, Upassword, Uid, Ustatus FROM users
2020-02-03 00:37:41.400 MSK [5596] РћРЁРР‘РљРђ:  СЃС‚РѕР»Р±РµС† "uname" РЅРµ СЃСѓС‰РµСЃС‚РІСѓРµС‚ (СЃРёРјРІРѕР» 8)
2020-02-03 00:37:41.400 MSK [5596] РџРћР”РЎРљРђР—РљРђ:  Р’РѕР·РјРѕР¶РЅРѕ, РїСЂРµРґРїРѕР»Р°РіР°Р»Р°СЃСЊ СЃСЃС‹Р»РєР° РЅР° СЃС‚РѕР»Р±РµС† "users.Uname".
2020-02-03 00:37:41.400 MSK [5596] РћРџР•Р РђРўРћР :  SELECT Uname, Uemail, Upassword, Uid, Ustatus FROM users
2020-02-03 00:40:02.492 MSK [5596] РћРЁРР‘РљРђ:  СЃС‚РѕР»Р±РµС† "uname" РЅРµ СЃСѓС‰РµСЃС‚РІСѓРµС‚ (СЃРёРјРІРѕР» 8)
2020-02-03 00:40:02.492 MSK [5596] РџРћР”РЎРљРђР—РљРђ:  Р’РѕР·РјРѕР¶РЅРѕ, РїСЂРµРґРїРѕР»Р°РіР°Р»Р°СЃСЊ СЃСЃС‹Р»РєР° РЅР° СЃС‚РѕР»Р±РµС† "users.Uname".
2020-02-03 00:40:02.492 MSK [5596] РћРџР•Р РђРўРћР :  SELECT Uname AS Expr1, Uemail AS Expr2, Upassword AS Expr3, Uid AS Expr4, Ustatus AS Expr5, Uname, Uemail, Upassword, Uid, Ustatus FROM users
2020-02-03 00:40:24.414 MSK [5596] РћРЁРР‘РљРђ:  СЃС‚РѕР»Р±РµС† "uname" РЅРµ СЃСѓС‰РµСЃС‚РІСѓРµС‚ (СЃРёРјРІРѕР» 8)
2020-02-03 00:40:24.414 MSK [5596] РџРћР”РЎРљРђР—РљРђ:  Р’РѕР·РјРѕР¶РЅРѕ, РїСЂРµРґРїРѕР»Р°РіР°Р»Р°СЃСЊ СЃСЃС‹Р»РєР° РЅР° СЃС‚РѕР»Р±РµС† "users.Uname".
2020-02-03 00:40:24.414 MSK [5596] РћРџР•Р РђРўРћР :  SELECT Uname, Uemail, Upassword, Uid, Ustatus FROM users
2020-02-03 00:40:49.301 MSK [5596] РћРЁРР‘РљРђ:  СЃС‚РѕР»Р±РµС† "uemail" РЅРµ СЃСѓС‰РµСЃС‚РІСѓРµС‚ (СЃРёРјРІРѕР» 8)
2020-02-03 00:40:49.301 MSK [5596] РџРћР”РЎРљРђР—РљРђ:  Р’РѕР·РјРѕР¶РЅРѕ, РїСЂРµРґРїРѕР»Р°РіР°Р»Р°СЃСЊ СЃСЃС‹Р»РєР° РЅР° СЃС‚РѕР»Р±РµС† "users.Uemail".
2020-02-03 00:40:49.301 MSK [5596] РћРџР•Р РђРўРћР :  SELECT Uemail, Upassword, Uid, Uname, Ustatus FROM users
2020-02-03 00:41:29.409 MSK [5596] РћРЁРР‘РљРђ:  СЃС‚РѕР»Р±РµС† "uemail" РЅРµ СЃСѓС‰РµСЃС‚РІСѓРµС‚ (СЃРёРјРІРѕР» 8)
2020-02-03 00:41:29.409 MSK [5596] РџРћР”РЎРљРђР—РљРђ:  Р’РѕР·РјРѕР¶РЅРѕ, РїСЂРµРґРїРѕР»Р°РіР°Р»Р°СЃСЊ СЃСЃС‹Р»РєР° РЅР° СЃС‚РѕР»Р±РµС† "users.Uemail".
2020-02-03 00:41:29.409 MSK [5596] РћРџР•Р РђРўРћР :  SELECT Uemail, Upassword, Uid, Uname, Ustatus FROM users
2020-02-03 00:41:47.654 MSK [5596] РћРЁРР‘РљРђ:  СЃС‚РѕР»Р±РµС† "uemail" РЅРµ СЃСѓС‰РµСЃС‚РІСѓРµС‚ (СЃРёРјРІРѕР» 15)
2020-02-03 00:41:47.654 MSK [5596] РџРћР”РЎРљРђР—РљРђ:  Р’РѕР·РјРѕР¶РЅРѕ, РїСЂРµРґРїРѕР»Р°РіР°Р»Р°СЃСЊ СЃСЃС‹Р»РєР° РЅР° СЃС‚РѕР»Р±РµС† "users.Uemail".
2020-02-03 00:41:47.654 MSK [5596] РћРџР•Р РђРўРћР :  SELECT        Uemail, Upassword, Uid
	FROM            public.users
	
2020-02-03 00:42:38.398 MSK [5596] РћРЁРР‘РљРђ:  СЃС‚РѕР»Р±РµС† "uemail" РЅРµ СЃСѓС‰РµСЃС‚РІСѓРµС‚ (СЃРёРјРІРѕР» 8)
2020-02-03 00:42:38.398 MSK [5596] РџРћР”РЎРљРђР—РљРђ:  Р’РѕР·РјРѕР¶РЅРѕ, РїСЂРµРґРїРѕР»Р°РіР°Р»Р°СЃСЊ СЃСЃС‹Р»РєР° РЅР° СЃС‚РѕР»Р±РµС† "users.Uemail".
2020-02-03 00:42:38.398 MSK [5596] РћРџР•Р РђРўРћР :  SELECT Uemail, Upassword, Uid, Uname, Ustatus FROM users
2020-02-03 00:49:03.710 MSK [10940] РћРЁРР‘РљРђ:  РѕС€РёР±РєР° СЃРёРЅС‚Р°РєСЃРёСЃР° (РїСЂРёРјРµСЂРЅРѕРµ РїРѕР»РѕР¶РµРЅРёРµ: "*") (СЃРёРјРІРѕР» 8)
2020-02-03 00:49:03.710 MSK [10940] РћРџР•Р РђРўРћР :  DELETE * FROM public.users
	
2020-02-03 00:59:21.168 MSK [4376] РЎРћРћР‘Р©Р•РќРР•:  РЅРµ СѓРґР°Р»РѕСЃСЊ РїРѕР»СѓС‡РёС‚СЊ РґР°РЅРЅС‹Рµ РѕС‚ РєР»РёРµРЅС‚Р°: An existing connection was forcibly closed by the remote host.
	
2020-02-03 01:00:07.555 MSK [5596] РЎРћРћР‘Р©Р•РќРР•:  РЅРµ СѓРґР°Р»РѕСЃСЊ РїРѕР»СѓС‡РёС‚СЊ РґР°РЅРЅС‹Рµ РѕС‚ РєР»РёРµРЅС‚Р°: An existing connection was forcibly closed by the remote host.
	
2020-02-03 01:00:07.573 MSK [18004] РЎРћРћР‘Р©Р•РќРР•:  РЅРµ СѓРґР°Р»РѕСЃСЊ РїРѕР»СѓС‡РёС‚СЊ РґР°РЅРЅС‹Рµ РѕС‚ РєР»РёРµРЅС‚Р°: An existing connection was forcibly closed by the remote host.
	
2020-02-03 01:00:40.705 MSK [7772] СООБЩЕНИЕ:  фоновый процесс "logical replication launcher" (PID 9768) завершился с кодом выхода 1
2020-02-03 01:00:40.706 MSK [7772] СООБЩЕНИЕ:  завершение всех остальных активных серверных процессов
2020-02-03 01:00:40.712 MSK [16196] ПРЕДУПРЕЖДЕНИЕ:  закрытие подключения из-за краха другого серверного процесса
2020-02-03 01:00:40.712 MSK [16196] ПОДРОБНОСТИ:  Управляющий процесс отдал команду этому серверному процессу откатить текущую транзакцию и завершиться, так как другой серверный процесс завершился аварийно и возможно разрушил разделяемую память.
2020-02-03 01:00:40.712 MSK [16196] ПОДСКАЗКА:  Вы сможете переподключиться к базе данных и повторить вашу команду сию минуту.
2020-02-03 01:00:40.726 MSK [7772] СООБЩЕНИЕ:  все серверные процессы завершены... переинициализация
2020-02-03 01:00:40.764 MSK [13848] СООБЩЕНИЕ:  работа системы БД была прервана; последний момент работы: 2020-02-03 00:51:18 MSK
2020-02-03 01:00:41.222 MSK [13848] СООБЩЕНИЕ:  система БД была остановлена нештатно; производится автоматическое восстановление
2020-02-03 01:00:41.257 MSK [13848] СООБЩЕНИЕ:  запись REDO начинается со смещения 0/16EB570
2020-02-03 01:00:41.258 MSK [13848] СООБЩЕНИЕ:  неверная длина записи по смещению 0/16EB658: ожидалось 24, получено 0
2020-02-03 01:00:41.258 MSK [13848] СООБЩЕНИЕ:  записи REDO обработаны до смещения 0/16EB620
2020-02-03 01:00:41.486 MSK [7772] СООБЩЕНИЕ:  система БД готова принимать подключения
2020-02-03 01:00:46.087 MSK [7772] СООБЩЕНИЕ:  процесс фоновой записи (PID 972) завершился с кодом выхода 1
2020-02-03 01:00:46.087 MSK [7772] СООБЩЕНИЕ:  завершение всех остальных активных серверных процессов
2020-02-03 01:00:46.092 MSK [15656] ПРЕДУПРЕЖДЕНИЕ:  закрытие подключения из-за краха другого серверного процесса
2020-02-03 01:00:46.092 MSK [15656] ПОДРОБНОСТИ:  Управляющий процесс отдал команду этому серверному процессу откатить текущую транзакцию и завершиться, так как другой серверный процесс завершился аварийно и возможно разрушил разделяемую память.
2020-02-03 01:00:46.092 MSK [15656] ПОДСКАЗКА:  Вы сможете переподключиться к базе данных и повторить вашу команду сию минуту.
2020-02-03 01:00:46.106 MSK [7772] СООБЩЕНИЕ:  все серверные процессы завершены... переинициализация
2020-02-03 01:00:46.142 MSK [17056] СООБЩЕНИЕ:  работа системы БД была прервана; последний момент работы: 2020-02-03 01:00:41 MSK
2020-02-03 01:00:46.497 MSK [17056] СООБЩЕНИЕ:  система БД была остановлена нештатно; производится автоматическое восстановление
2020-02-03 01:00:46.545 MSK [17056] СООБЩЕНИЕ:  неверная длина записи по смещению 0/16EB6D0: ожидалось 24, получено 0
2020-02-03 01:00:46.546 MSK [17056] СООБЩЕНИЕ:  данные REDO не требуются
2020-02-03 01:00:46.764 MSK [7772] СООБЩЕНИЕ:  система БД готова принимать подключения
